<?xml version="1.0" encoding="UTF-8"?>
<testng-results skipped="0" failed="0" total="1" passed="1">
  <reporter-output>
  </reporter-output>
  <suite name="Default suite" duration-ms="7726" started-at="2019-04-09T16:54:49Z" finished-at="2019-04-09T16:54:57Z">
    <groups>
    </groups>
    <test name="Default test" duration-ms="7726" started-at="2019-04-09T16:54:49Z" finished-at="2019-04-09T16:54:57Z">
      <class name="com.tests.NewTest2">
        <test-method status="PASS" signature="f()[pri:0, instance:com.tests.NewTest2@50c87b21]" name="f" duration-ms="7670" started-at="2019-04-09T22:24:49Z" finished-at="2019-04-09T22:24:57Z">
          <reporter-output>
          </reporter-output>
        </test-method> <!-- f -->
      </class> <!-- com.tests.NewTest2 -->
    </test> <!-- Default test -->
  </suite> <!-- Default suite -->
</testng-results>
